2025-01-27 20:11:25.007 [info] (Client) Pylance async client (2024.12.1) started with python extension (2024.22.2)
2025-01-27 20:11:26.727 [info] [Info  - 8:11:26 PM] (1723) Server root directory: file:///home/sdci/.vscode-server/extensions/ms-python.vscode-pylance-2024.12.1/dist
2025-01-27 20:11:26.741 [info] [Info  - 8:11:26 PM] (1723) Pylance language server 2024.12.1 (pyright version 1.1.389, commit ce1325fc) starting
2025-01-27 20:11:26.742 [info] [Info  - 8:11:26 PM] (1723) Starting service instance "dockers"
2025-01-27 20:11:27.887 [info] [Info  - 8:11:27 PM] (1723) Setting environmentName for service "dockers": "3.8.10 (usr venv)"
2025-01-27 20:11:28.451 [info] [Info  - 8:11:28 PM] (1723) Setting pythonPath for service "dockers": "/bin/python3"
2025-01-27 20:11:41.863 [info] [Info  - 8:11:41 PM] (1723) No include entries specified; assuming /home/sdci/sdci/dockers
2025-01-27 20:11:41.913 [info] [Info  - 8:11:41 PM] (1723) Auto-excluding **/node_modules
2025-01-27 20:11:41.915 [info] [Info  - 8:11:41 PM] (1723) Auto-excluding **/__pycache__
2025-01-27 20:11:41.915 [info] [Info  - 8:11:41 PM] (1723) Auto-excluding **/.*
2025-01-27 20:11:41.916 [info] [Info  - 8:11:41 PM] (1723) Assuming Python version 3.8.10.final.0
2025-01-27 20:11:41.916 [info] [Info  - 8:11:41 PM] (1723) Found 4 source files
2025-01-27 20:11:49.884 [info] [Info  - 8:11:49 PM] (1723) Background analysis(1) root directory: file:///home/sdci/.vscode-server/extensions/ms-python.vscode-pylance-2024.12.1/dist
2025-01-27 20:11:49.916 [info] [Info  - 8:11:49 PM] (1723) Background analysis(1) started
2025-01-27 20:11:49.919 [info] [Info  - 8:11:49 PM] (1723) Indexer background runner(2) root directory: file:///home/sdci/.vscode-server/extensions/ms-python.vscode-pylance-2024.12.1/dist (index)
2025-01-27 20:11:49.919 [info] [Info  - 8:11:49 PM] (1723) Indexing(2) started
2025-01-27 20:11:49.919 [info] [Info  - 8:11:49 PM] (1723) [BG(1)] Long operation: SemanticTokens full at file:///home/sdci/sdci/dockers/ordonnanceur.py (6312ms)
2025-01-27 20:11:49.935 [info] [Info  - 8:11:49 PM] (1723) [IDX(2)] Long operation: scan packages file:///home/sdci/sdci/dockers (6188ms)
2025-01-27 20:11:49.935 [info] [Info  - 8:11:49 PM] (1723) scanned(2) 174 files over 1 exec env
2025-01-27 20:11:49.935 [info] [Info  - 8:11:49 PM] (1723) indexed(2) 174 files over 1 exec env
2025-01-27 20:11:49.935 [info] [Info  - 8:11:49 PM] (1723) Indexing finished(2).
2025-01-27 20:17:10.136 [info] [Info  - 8:17:10 PM] (1723) [BG(1)] Long operation: analyzing: file:///home/sdci/sdci/dockers/ordonnanceur.py (2087ms)
