2025-01-28 11:18:39.082 [info] Experiment 'pythonRecommendTensorboardExt' is active
2025-01-28 11:18:39.082 [info] Experiment 'pythonSurveyNotificationcf' is active
2025-01-28 11:18:39.082 [info] Experiment 'pythonTerminalEnvVarActivation' is active
2025-01-28 11:18:39.082 [info] Experiment 'pythonTestAdapter' is active
2025-01-28 11:18:39.082 [info] Native locator: Refresh started
2025-01-28 11:18:39.082 [info] Native locator: Refresh started
2025-01-28 11:18:39.209 [info] > pyenv which python
2025-01-28 11:18:39.209 [info] cwd: .
2025-01-28 11:18:40.854 [info] Python interpreter path: /bin/python3
2025-01-28 11:18:43.302 [info] Native locator: Refresh finished in 11256 ms
2025-01-28 11:18:43.714 [info] Starting Pylance language server.
2025-01-28 13:07:13.020 [info] Discover tests for workspace name: undefined - uri: /home/sdci/vim-emu/examples/sdci.py
2025-01-28 13:07:20.286 [info] Discover tests for workspace name: undefined - uri: /home/sdci/vim-emu/examples/sdci.py
2025-01-28 13:10:00.639 [info] Discover tests for workspace name: dockers - uri: /home/sdci/sdci/dockers/mape.py
2025-01-28 13:10:20.582 [info] Discover tests for workspace name: dockers - uri: /home/sdci/sdci/dockers/mape.py
2025-01-28 13:12:00.485 [info] Discover tests for workspace name: dockers - uri: /home/sdci/sdci/dockers/mape.py
2025-01-28 13:12:46.686 [info] Discover tests for workspace name: dockers - uri: /home/sdci/sdci/dockers/mape.py
2025-01-28 13:13:06.838 [info] Discover tests for workspace name: dockers - uri: /home/sdci/sdci/dockers/mape.py
2025-01-28 13:13:55.204 [info] Discover tests for workspace name: dockers - uri: /home/sdci/sdci/dockers/mape.py
2025-01-28 13:15:47.301 [info] Discover tests for workspace name: dockers - uri: /home/sdci/sdci/dockers/mape.py
2025-01-28 13:16:06.261 [info] Discover tests for workspace name: dockers - uri: /home/sdci/sdci/dockers/mape.py
2025-01-28 13:19:00.562 [info] Discover tests for workspace name: dockers - uri: /home/sdci/sdci/dockers/mape.py
2025-01-28 13:19:39.027 [info] Discover tests for workspace name: dockers - uri: /home/sdci/sdci/dockers/mape.py
2025-01-28 13:20:41.808 [info] Discover tests for workspace name: dockers - uri: /home/sdci/sdci/dockers/mape.py
2025-01-28 13:23:26.556 [info] Discover tests for workspace name: dockers - uri: /home/sdci/sdci/dockers/monitor.py
2025-01-28 13:25:13.046 [info] Discover tests for workspace name: dockers - uri: /home/sdci/sdci/dockers/ordonnanceur.py
2025-01-28 13:25:57.361 [info] Discover tests for workspace name: dockers - uri: /home/sdci/sdci/dockers/ordonnanceur.py
2025-01-28 13:26:33.484 [info] Discover tests for workspace name: dockers - uri: /home/sdci/sdci/dockers/ordonnanceur.py
2025-01-28 13:27:41.716 [info] Discover tests for workspace name: dockers - uri: /home/sdci/sdci/dockers/ordonnanceur.py
2025-01-28 13:28:24.860 [info] Discover tests for workspace name: dockers - uri: /home/sdci/sdci/dockers/ryu.py
2025-01-28 13:28:39.005 [info] Discover tests for workspace name: dockers - uri: /home/sdci/sdci/dockers/ryu.py
