2025-01-26 15:53:31.382 [info] (Client) Pylance async client (2024.12.1) started with python extension (2024.22.2)
2025-01-26 15:53:32.442 [info] [Info  - 3:53:32 PM] (17045) Server root directory: file:///home/sdci/.vscode-server/extensions/ms-python.vscode-pylance-2024.12.1/dist
2025-01-26 15:53:32.452 [info] [Info  - 3:53:32 PM] (17045) Pylance language server 2024.12.1 (pyright version 1.1.389, commit ce1325fc) starting
2025-01-26 15:53:32.453 [info] [Info  - 3:53:32 PM] (17045) Starting service instance "dockers"
2025-01-26 15:53:33.005 [info] [Info  - 3:53:33 PM] (17045) Setting environmentName for service "dockers": "3.8.10 (usr venv)"
2025-01-26 15:53:33.094 [info] [Info  - 3:53:33 PM] (17045) Setting pythonPath for service "dockers": "/bin/python3"
2025-01-26 15:53:33.185 [info] [Info  - 3:53:33 PM] (17045) No include entries specified; assuming /home/sdci/sdci/dockers
2025-01-26 15:53:39.365 [info] [Info  - 3:53:39 PM] (17045) Auto-excluding **/node_modules
2025-01-26 15:53:46.934 [info] [Info  - 3:53:46 PM] (17045) Auto-excluding **/__pycache__
2025-01-26 15:53:46.949 [info] [Info  - 3:53:46 PM] (17045) Auto-excluding **/.*
2025-01-26 15:53:46.951 [info] [Info  - 3:53:46 PM] (17045) Assuming Python version 3.8.10.final.0
2025-01-26 15:53:46.952 [info] [Info  - 3:53:46 PM] (17045) Found 4 source files
2025-01-26 15:53:46.983 [info] [Info  - 3:53:46 PM] (17045) Background analysis(1) root directory: file:///home/sdci/.vscode-server/extensions/ms-python.vscode-pylance-2024.12.1/dist
2025-01-26 15:53:46.983 [info] [Info  - 3:53:46 PM] (17045) Background analysis(1) started
2025-01-26 15:53:46.983 [info] [Info  - 3:53:46 PM] (17045) Indexer background runner(2) root directory: file:///home/sdci/.vscode-server/extensions/ms-python.vscode-pylance-2024.12.1/dist (index)
2025-01-26 15:53:46.983 [info] [Info  - 3:53:46 PM] (17045) Indexing(2) started
2025-01-26 15:53:46.984 [info] [Info  - 3:53:46 PM] (17045) [BG(1)] Long operation: SemanticTokens full at file:///home/sdci/sdci/dockers/ordonnanceur.py (3470ms)
2025-01-26 15:53:47.016 [info] [Info  - 3:53:47 PM] (17045) [IDX(2)] Long operation: scan packages file:///home/sdci/sdci/dockers (4988ms)
2025-01-26 15:53:47.029 [info] [Info  - 3:53:47 PM] (17045) scanned(2) 174 files over 1 exec env
2025-01-26 15:53:47.031 [info] [Info  - 3:53:47 PM] (17045) indexed(2) 174 files over 1 exec env
2025-01-26 15:53:47.035 [info] [Info  - 3:53:47 PM] (17045) Indexing finished(2).
2025-01-26 16:24:37.211 [info] [Info  - 4:24:37 PM] (17045) [BG(1)] Long operation: SemanticTokens full at file:///home/sdci/sdci/dockers/mape.py (3498ms)
