2025-01-28 11:18:39.117 [info] [main] Log level: Info
2025-01-28 11:18:39.117 [info] [main] Validating found git in: "git"
2025-01-28 11:18:39.117 [info] [main] Using git "2.25.1" from "git"
2025-01-28 11:18:39.117 [info] [Model][doInitialScan] Initial repository scan started
2025-01-28 11:18:39.117 [info] > git rev-parse --show-toplevel [1529ms]
2025-01-28 11:18:39.117 [info] fatal: not a git repository (or any of the parent directories): .git
2025-01-28 11:18:39.219 [info] > git rev-parse --show-toplevel [107ms]
2025-01-28 11:18:39.219 [info] fatal: not a git repository (or any of the parent directories): .git
2025-01-28 11:18:39.246 [info] > git rev-parse --show-toplevel [15ms]
2025-01-28 11:18:39.246 [info] fatal: not a git repository (or any of the parent directories): .git
2025-01-28 11:18:39.876 [info] > git rev-parse --show-toplevel [617ms]
2025-01-28 11:18:39.876 [info] fatal: not a git repository (or any of the parent directories): .git
2025-01-28 11:18:39.944 [info] > git rev-parse --show-toplevel [47ms]
2025-01-28 11:18:40.026 [info] > git rev-parse --git-dir --git-common-dir [65ms]
2025-01-28 11:18:40.050 [info] [Model][openRepository] Opened repository: /home/sdci/sdci/dockers/gctrl
2025-01-28 11:18:40.056 [info] [Model][doInitialScan] Initial repository scan completed - repositories (1), closed repositories (0), parent repositories (0), unsafe repositories (0)
2025-01-28 11:18:40.131 [info] > git config --get commit.template [57ms]
2025-01-28 11:18:40.155 [info] > git for-each-ref --format=%(refname)%00%(upstream:short)%00%(objectname)%00%(upstream:track)%00%(upstream:remotename)%00%(upstream:remoteref) refs/heads/master refs/remotes/master [48ms]
2025-01-28 11:18:40.173 [warning] [Git][revParse] Unable to read file: ENOENT: no such file or directory, open '/home/sdci/sdci/dockers/gctrl/.git/refs/remotes/origin/master'
2025-01-28 11:18:40.195 [info] > git rev-parse refs/remotes/origin/master [23ms]
2025-01-28 11:18:40.335 [info] > git status -z -uall [128ms]
2025-01-28 11:18:40.338 [info] > git for-each-ref --sort -committerdate --format %(refname) %(objectname) %(*objectname) [116ms]
2025-01-28 11:18:40.375 [info] > git for-each-ref --format=%(refname)%00%(upstream:short)%00%(objectname)%00%(upstream:track)%00%(upstream:remotename)%00%(upstream:remoteref) refs/heads/master refs/remotes/master [25ms]
2025-01-28 11:18:40.544 [info] > git config --get commit.template [170ms]
2025-01-28 11:18:40.570 [info] > git config --local branch.master.vscode-merge-base [188ms]
2025-01-28 11:18:40.576 [info] > git for-each-ref --format=%(refname)%00%(upstream:short)%00%(objectname)%00%(upstream:track)%00%(upstream:remotename)%00%(upstream:remoteref) refs/heads/master refs/remotes/master [20ms]
2025-01-28 11:18:40.587 [warning] [Git][revParse] Unable to read file: ENOENT: no such file or directory, open '/home/sdci/sdci/dockers/gctrl/.git/refs/remotes/origin/master'
2025-01-28 11:18:40.690 [info] > git rev-parse refs/remotes/origin/master [103ms]
2025-01-28 11:18:40.703 [info] > git for-each-ref --format=%(refname)%00%(upstream:short)%00%(objectname)%00%(upstream:track)%00%(upstream:remotename)%00%(upstream:remoteref) refs/heads/origin/master refs/remotes/origin/master [130ms]
2025-01-28 11:18:40.810 [info] > git status -z -uall [117ms]
2025-01-28 11:18:40.810 [info] > git check-ignore -v -z --stdin [25ms]
2025-01-28 11:18:40.811 [info] > git merge-base refs/heads/master refs/remotes/origin/master [103ms]
2025-01-28 11:18:40.815 [info] > git for-each-ref --sort -committerdate --format %(refname) %(objectname) %(*objectname) [113ms]
2025-01-28 11:18:40.835 [info] > git diff --name-status -z --diff-filter=ADMR 2209448bc5612e27e6e94af839cd4fffdc5e6bbd...refs/remotes/origin/master [18ms]
2025-01-28 11:18:40.836 [info] > git merge-base refs/heads/master refs/remotes/origin/master [14ms]
2025-01-28 11:18:41.107 [info] > git diff --name-status -z --diff-filter=ADMR 2209448bc5612e27e6e94af839cd4fffdc5e6bbd...refs/remotes/origin/master [269ms]
2025-01-28 11:26:43.495 [info] > git rev-parse --show-toplevel [52ms]
2025-01-28 11:26:43.495 [info] fatal: not a git repository (or any of the parent directories): .git
2025-01-28 13:07:06.098 [info] > git rev-parse --show-toplevel [906ms]
2025-01-28 13:07:40.086 [info] > git rev-parse --show-toplevel [133ms]
2025-01-28 13:07:59.249 [info] > git rev-parse --show-toplevel [49ms]
2025-01-28 13:08:02.817 [info] > git rev-parse --show-toplevel [77ms]
2025-01-28 13:08:10.747 [info] > git rev-parse --show-toplevel [124ms]
2025-01-28 13:08:13.410 [info] > git rev-parse --show-toplevel [20ms]
2025-01-28 13:08:14.647 [info] > git rev-parse --show-toplevel [14ms]
2025-01-28 13:08:16.245 [info] > git rev-parse --show-toplevel [102ms]
2025-01-28 13:20:57.421 [info] > git rev-parse --show-toplevel [41ms]
2025-01-28 13:20:59.977 [info] > git rev-parse --show-toplevel [24ms]
2025-01-28 13:21:09.041 [info] > git rev-parse --show-toplevel [51ms]
2025-01-28 13:23:28.359 [info] > git rev-parse --show-toplevel [16ms]
2025-01-28 13:27:45.114 [info] > git rev-parse --show-toplevel [34ms]
2025-01-28 13:28:47.025 [info] > git rev-parse --show-toplevel [46ms]
2025-01-28 13:28:50.963 [info] > git rev-parse --show-toplevel [8ms]
2025-01-28 13:28:55.625 [info] > git rev-parse --show-toplevel [10ms]
2025-01-28 13:28:57.066 [info] > git rev-parse --show-toplevel [6ms]
2025-01-28 13:28:58.428 [info] > git rev-parse --show-toplevel [33ms]
2025-01-28 13:29:01.325 [info] > git rev-parse --show-toplevel [21ms]
2025-01-28 13:29:02.400 [info] > git rev-parse --show-toplevel [12ms]
2025-01-28 13:29:03.457 [info] > git rev-parse --show-toplevel [13ms]
2025-01-28 13:29:08.347 [info] > git rev-parse --show-toplevel [12ms]
2025-01-28 13:29:09.024 [info] > git rev-parse --show-toplevel [21ms]
2025-01-28 13:29:09.726 [info] > git rev-parse --show-toplevel [16ms]
2025-01-28 13:29:11.425 [info] > git rev-parse --show-toplevel [15ms]
2025-01-28 13:29:12.164 [info] > git rev-parse --show-toplevel [11ms]
2025-01-28 13:29:13.320 [info] > git rev-parse --show-toplevel [7ms]
2025-01-28 13:29:14.665 [info] > git rev-parse --show-toplevel [9ms]
2025-01-28 13:29:22.808 [info] > git rev-parse --show-toplevel [16ms]
