2025-01-27 08:50:37.548 [info] Starting Python Locator /home/sdci/.vscode-server/extensions/ms-python.python-2024.22.2/python-env-tools/bin/pet server
2025-01-27 08:50:40.086 [info] Discovered env: /usr/bin/python2
2025-01-27 08:50:41.352 [info] Discovered env: /usr/bin/python2.7
2025-01-27 08:50:41.514 [info] Discovered env: /usr/bin/python3
2025-01-27 08:50:41.586 [info] Discovered env: /usr/bin/python3.8
2025-01-27 08:50:41.590 [info] Discovered env: /bin/python2
2025-01-27 08:50:41.592 [info] Discovered env: /bin/python3
2025-01-27 08:50:41.592 [info] Discovered env: /bin/python2.7
2025-01-27 08:50:41.593 [info] Discovered env: /bin/python3.8
2025-01-27 08:50:41.593 [info] Locator Conda took 347.625259ms
2025-01-27 08:50:41.593 [info] Locator Homebrew took 903.722µs
2025-01-27 08:50:41.593 [info] Locator LinuxGlobal took 445.900362ms
2025-01-27 08:50:41.593 [info] Locator PipEnv took 33.952µs
2025-01-27 08:50:41.593 [info] Locator Poetry took 303.021µs
2025-01-27 08:50:41.593 [info] Locator PyEnv took 5.80651ms
2025-01-27 08:50:41.593 [info] Locator Venv took 5.301µs
2025-01-27 08:50:41.593 [info] Locator VirtualEnv took 41.698µs
2025-01-27 08:50:41.593 [info] Locator VirtualEnvWrapper took 14.331µs
2025-01-27 08:50:41.593 [info] Locator GlobalVirtualEnvs took 3.651477ms
2025-01-27 08:50:41.593 [info] Locator Locators took 455.401315ms
2025-01-27 08:50:41.593 [info] Locator Path took 431.370468ms
2025-01-27 08:50:41.593 [info] Locator Workspaces took 83.275751ms
2025-01-27 08:50:41.593 [info] Refresh completed in 469ms
2025-01-27 08:50:41.692 [info] Resolved Python Environment /bin/python3
2025-01-27 08:50:41.841 [info] Resolved /usr/bin/python2
2025-01-27 08:50:41.846 [info] Resolved /usr/bin/python2.7
2025-01-27 08:50:41.859 [info] Resolved /usr/bin/python3
2025-01-27 08:50:41.861 [info] Resolved /bin/python3.8
2025-01-27 08:50:41.862 [info] Resolved /usr/bin/python3.8
2025-01-27 08:50:41.863 [info] Resolved /bin/python2.7
2025-01-27 09:01:36.824 [info] Resolved Python Environment /bin/python3
2025-01-27 09:04:36.178 [info] Resolved Python Environment /bin/python3
2025-01-27 09:14:43.897 [info] Resolved Python Environment /bin/python3
2025-01-27 09:16:36.401 [info] Resolved Python Environment /bin/python3
2025-01-27 09:17:29.240 [info] Resolved Python Environment /bin/python3
2025-01-27 09:19:28.288 [info] Resolved Python Environment /bin/python3
2025-01-27 09:20:00.793 [info] Resolved Python Environment /bin/python3
2025-01-27 09:20:35.346 [info] Resolved Python Environment /bin/python3
2025-01-27 09:23:22.840 [info] Resolved Python Environment /bin/python3
2025-01-27 09:26:56.020 [info] Resolved Python Environment /bin/python3
2025-01-27 09:27:30.873 [info] Resolved Python Environment /bin/python3
2025-01-27 09:32:31.908 [info] Resolved Python Environment /bin/python3
2025-01-27 09:34:07.816 [info] Resolved Python Environment /bin/python3
2025-01-27 09:41:14.722 [info] Resolved Python Environment /bin/python3
2025-01-27 09:41:56.658 [info] Resolved Python Environment /bin/python3
2025-01-27 09:46:04.795 [info] Resolved Python Environment /bin/python3
2025-01-27 10:01:08.285 [info] Resolved Python Environment /bin/python3
2025-01-27 10:01:49.676 [info] Resolved Python Environment /bin/python3
2025-01-27 10:02:24.108 [info] Resolved Python Environment /bin/python3
2025-01-27 10:06:57.934 [info] Resolved Python Environment /bin/python3
2025-01-27 10:11:24.354 [info] Resolved Python Environment /bin/python3
2025-01-27 10:11:57.472 [info] Resolved Python Environment /bin/python3
2025-01-27 10:13:05.186 [info] Resolved Python Environment /bin/python3
2025-01-27 10:14:29.805 [info] Resolved Python Environment /bin/python3
2025-01-27 10:19:34.043 [info] Resolved Python Environment /bin/python3
2025-01-27 10:20:07.722 [info] Resolved Python Environment /bin/python3
2025-01-27 10:20:58.212 [info] Resolved Python Environment /bin/python3
2025-01-27 10:26:40.183 [info] Resolved Python Environment /bin/python3
2025-01-27 10:27:13.561 [info] Resolved Python Environment /bin/python3
2025-01-27 10:34:15.740 [info] Resolved Python Environment /bin/python3
2025-01-27 10:36:38.699 [info] Resolved Python Environment /bin/python3
2025-01-27 10:52:03.308 [info] Resolved Python Environment /bin/python3
2025-01-27 11:02:38.382 [info] Resolved Python Environment /bin/python3
2025-01-27 11:03:22.263 [info] Resolved Python Environment /bin/python3
2025-01-27 14:24:44.423 [info] Resolved Python Environment /bin/python3
2025-01-27 14:36:43.795 [info] Resolved Python Environment /bin/python3
2025-01-27 14:37:43.653 [info] Resolved Python Environment /bin/python3
2025-01-27 14:39:11.249 [info] Resolved Python Environment /bin/python3
